<?xml version="1.0" encoding="UTF-8"?>
<!-- Generated by org.testng.reporters.JUnitXMLReporter -->
<testsuite ignored="0" hostname="LAPTOP-DOBLN3AU" failures="0" tests="3" name="Default test" time="23.7" errors="0" timestamp="2023-10-09T17:06:04 IST">
  <testcase classname="com.ninjademo.qa.tests.LoginPageTest" name="loginInvalidCredentials" time="2.876"/>
  <testcase classname="com.ninjademo.qa.tests.LoginPageTest" name="forgetpasswordtest" time="2.497"/>
  <testcase classname="com.ninjademo.qa.tests.LoginPageTest" name="loginValidCredentials" time="2.686"/>
</testsuite> <!-- Default test -->
