<?xml version="1.0" encoding="UTF-8"?>
<!-- Generated by org.testng.reporters.JUnitXMLReporter -->
<testsuite ignored="3" hostname="LAPTOP-DOBLN3AU" failures="0" tests="4" name="TestCycle1" time="38.119" errors="0" timestamp="2023-10-09T17:33:51 IST">
  <testcase classname="com.ninjademo.qa.tests.HomePageTest" name="testTitle" time="0.07"/>
  <testcase classname="com.ninjademo.qa.tests.LoginPageTest" name="loginInvalidCredentials" time="2.749"/>
  <testcase classname="com.ninjademo.qa.tests.LoginPageTest" name="forgetpasswordtest" time="2.392"/>
  <testcase classname="com.ninjademo.qa.tests.LoginPageTest" name="loginValidCredentials" time="2.837"/>
  <testcase classname="com.ninjademo.qa.base.TestBase" name="@BeforeSuite InitializeExtentreport" time="0.0">
    <ignored/>
  </testcase> <!-- @BeforeSuite InitializeExtentreport -->
  <testcase classname="com.ninjademo.qa.base.TestBase" name="@AfterSuite generateExtenetReport" time="0.0">
    <ignored/>
  </testcase> <!-- @AfterSuite generateExtenetReport -->
  <testcase classname="com.ninjademo.qa.base.TestBase" name="@BeforeTest getnameMethod" time="0.0">
    <ignored/>
  </testcase> <!-- @BeforeTest getnameMethod -->
</testsuite> <!-- TestCycle1 -->
