<?xml version="1.0" encoding="UTF-8"?>
<!-- Generated by org.testng.reporters.JUnitXMLReporter -->
<testsuite ignored="0" hostname="LAPTOP-DOBLN3AU" failures="0" tests="7" name="TestCycle1" time="66.367" errors="0" timestamp="2023-10-09T17:26:06 IST">
  <testcase classname="com.ninjademo.qa.tests.HomePageTest" name="testTitle" time="0.031"/>
  <testcase classname="com.ninjademo.qa.tests.LoginPageTest" name="loginInvalidCredentials" time="25.816"/>
  <testcase classname="com.ninjademo.qa.tests.LoginPageTest" name="forgetpasswordtest" time="2.549"/>
  <testcase classname="com.ninjademo.qa.tests.LoginPageTest" name="loginValidCredentials" time="2.837"/>
  <testcase classname="com.ninjademo.qa.tests.ForgetPasswordPageTest" name="forgetpasswordCheck" time="1.771"/>
  <testcase classname="com.ninjademo.qa.tests.RegisterPageTest" name="RegisterUser" time="2.145"/>
  <testcase classname="com.ninjademo.qa.tests.RegisterPageTest" name="RegisterUser" time="2.495"/>
</testsuite> <!-- TestCycle1 -->
