<?xml version="1.0" encoding="UTF-8"?>
<testng-results ignored="0" total="7" passed="7" failed="0" skipped="0">
  <reporter-output>
  </reporter-output>
  <suite started-at="2023-10-09T17:24:59 IST" name="Functiontest" finished-at="2023-10-09T17:26:06 IST" duration-ms="66367">
    <groups>
    </groups>
    <test started-at="2023-10-09T17:24:59 IST" name="TestCycle1" finished-at="2023-10-09T17:26:06 IST" duration-ms="66367">
      <class name="com.ninjademo.qa.tests.ForgetPasswordPageTest">
        <test-method is-config="true" signature="OpenApp()[pri:0, instance:com.ninjademo.qa.tests.ForgetPasswordPageTest@46cdf8bd]" started-at="2023-10-09T17:25:48 IST" name="OpenApp" finished-at="2023-10-09T17:25:51 IST" duration-ms="3133" status="PASS">
          <reporter-output>
          </reporter-output>
        </test-method> <!-- OpenApp -->
        <test-method signature="forgetpasswordCheck()[pri:0, instance:com.ninjademo.qa.tests.ForgetPasswordPageTest@46cdf8bd]" started-at="2023-10-09T17:25:51 IST" name="forgetpasswordCheck" finished-at="2023-10-09T17:25:53 IST" duration-ms="1771" status="PASS">
          <reporter-output>
          </reporter-output>
        </test-method> <!-- forgetpasswordCheck -->
        <test-method is-config="true" signature="closebrowser()[pri:0, instance:com.ninjademo.qa.tests.ForgetPasswordPageTest@46cdf8bd]" started-at="2023-10-09T17:25:53 IST" name="closebrowser" finished-at="2023-10-09T17:25:54 IST" duration-ms="286" status="PASS">
          <reporter-output>
          </reporter-output>
        </test-method> <!-- closebrowser -->
      </class> <!-- com.ninjademo.qa.tests.ForgetPasswordPageTest -->
      <class name="com.ninjademo.qa.tests.LoginPageTest">
        <test-method is-config="true" signature="OpenApp()[pri:0, instance:com.ninjademo.qa.tests.LoginPageTest@2a7f1f10]" started-at="2023-10-09T17:25:06 IST" name="OpenApp" finished-at="2023-10-09T17:25:09 IST" duration-ms="3091" status="PASS">
          <reporter-output>
          </reporter-output>
        </test-method> <!-- OpenApp -->
        <test-method signature="loginInvalidCredentials()[pri:2, instance:com.ninjademo.qa.tests.LoginPageTest@2a7f1f10]" started-at="2023-10-09T17:25:09 IST" name="loginInvalidCredentials" finished-at="2023-10-09T17:25:35 IST" duration-ms="25816" status="PASS">
          <reporter-output>
          </reporter-output>
        </test-method> <!-- loginInvalidCredentials -->
        <test-method is-config="true" signature="CloseBrowser()[pri:0, instance:com.ninjademo.qa.tests.LoginPageTest@2a7f1f10]" started-at="2023-10-09T17:25:35 IST" name="CloseBrowser" finished-at="2023-10-09T17:25:36 IST" duration-ms="331" status="PASS">
          <reporter-output>
          </reporter-output>
        </test-method> <!-- CloseBrowser -->
        <test-method is-config="true" signature="OpenApp()[pri:0, instance:com.ninjademo.qa.tests.LoginPageTest@2a7f1f10]" started-at="2023-10-09T17:25:36 IST" name="OpenApp" finished-at="2023-10-09T17:25:39 IST" duration-ms="3115" status="PASS">
          <reporter-output>
          </reporter-output>
        </test-method> <!-- OpenApp -->
        <test-method signature="forgetpasswordtest()[pri:3, instance:com.ninjademo.qa.tests.LoginPageTest@2a7f1f10]" started-at="2023-10-09T17:25:39 IST" name="forgetpasswordtest" finished-at="2023-10-09T17:25:41 IST" duration-ms="2549" status="PASS">
          <reporter-output>
          </reporter-output>
        </test-method> <!-- forgetpasswordtest -->
        <test-method is-config="true" signature="CloseBrowser()[pri:0, instance:com.ninjademo.qa.tests.LoginPageTest@2a7f1f10]" started-at="2023-10-09T17:25:41 IST" name="CloseBrowser" finished-at="2023-10-09T17:25:42 IST" duration-ms="767" status="PASS">
          <reporter-output>
          </reporter-output>
        </test-method> <!-- CloseBrowser -->
        <test-method is-config="true" signature="OpenApp()[pri:0, instance:com.ninjademo.qa.tests.LoginPageTest@2a7f1f10]" started-at="2023-10-09T17:25:42 IST" name="OpenApp" finished-at="2023-10-09T17:25:45 IST" duration-ms="2874" status="PASS">
          <reporter-output>
          </reporter-output>
        </test-method> <!-- OpenApp -->
        <test-method signature="loginValidCredentials()[pri:49, instance:com.ninjademo.qa.tests.LoginPageTest@2a7f1f10]" started-at="2023-10-09T17:25:45 IST" name="loginValidCredentials" finished-at="2023-10-09T17:25:48 IST" duration-ms="2837" status="PASS">
          <reporter-output>
          </reporter-output>
        </test-method> <!-- loginValidCredentials -->
        <test-method is-config="true" signature="CloseBrowser()[pri:0, instance:com.ninjademo.qa.tests.LoginPageTest@2a7f1f10]" started-at="2023-10-09T17:25:48 IST" name="CloseBrowser" finished-at="2023-10-09T17:25:48 IST" duration-ms="644" status="PASS">
          <reporter-output>
          </reporter-output>
        </test-method> <!-- CloseBrowser -->
      </class> <!-- com.ninjademo.qa.tests.LoginPageTest -->
      <class name="com.ninjademo.qa.tests.RegisterPageTest">
        <test-method is-config="true" signature="OpenApp()[pri:0, instance:com.ninjademo.qa.tests.RegisterPageTest@f0c8a99]" started-at="2023-10-09T17:25:54 IST" name="OpenApp" finished-at="2023-10-09T17:25:58 IST" duration-ms="3132" status="PASS">
          <reporter-output>
          </reporter-output>
        </test-method> <!-- OpenApp -->
        <test-method signature="RegisterUser(java.lang.String,java.lang.String,java.lang.String,java.lang.String,java.lang.String,java.lang.String)[pri:49, instance:com.ninjademo.qa.tests.RegisterPageTest@f0c8a99]" started-at="2023-10-09T17:25:58 IST" name="RegisterUser" data-provider="testdata" finished-at="2023-10-09T17:26:00 IST" duration-ms="2145" status="PASS">
          <params>
            <param index="0">
              <value>
                <![CDATA[Ravi]]>
              </value>
            </param>
            <param index="1">
              <value>
                <![CDATA[Ravi]]>
              </value>
            </param>
            <param index="2">
              <value>
                <![CDATA[ravidemo@gmail.com]]>
              </value>
            </param>
            <param index="3">
              <value>
                <![CDATA[2.345678901E9]]>
              </value>
            </param>
            <param index="4">
              <value>
                <![CDATA[1234.0]]>
              </value>
            </param>
            <param index="5">
              <value>
                <![CDATA[1234.0]]>
              </value>
            </param>
          </params>
          <reporter-output>
          </reporter-output>
        </test-method> <!-- RegisterUser -->
        <test-method is-config="true" signature="OpenApp()[pri:0, instance:com.ninjademo.qa.tests.RegisterPageTest@f0c8a99]" started-at="2023-10-09T17:26:00 IST" name="OpenApp" finished-at="2023-10-09T17:26:03 IST" duration-ms="3383" status="PASS">
          <reporter-output>
          </reporter-output>
        </test-method> <!-- OpenApp -->
        <test-method signature="RegisterUser(java.lang.String,java.lang.String,java.lang.String,java.lang.String,java.lang.String,java.lang.String)[pri:49, instance:com.ninjademo.qa.tests.RegisterPageTest@f0c8a99]" started-at="2023-10-09T17:26:03 IST" name="RegisterUser" data-provider="testdata" finished-at="2023-10-09T17:26:06 IST" duration-ms="2495" status="PASS">
          <params>
            <param index="0">
              <value>
                <![CDATA[John]]>
              </value>
            </param>
            <param index="1">
              <value>
                <![CDATA[John]]>
              </value>
            </param>
            <param index="2">
              <value>
                <![CDATA[Johndemo@gmail.com]]>
              </value>
            </param>
            <param index="3">
              <value>
                <![CDATA[2.345538901E9]]>
              </value>
            </param>
            <param index="4">
              <value>
                <![CDATA[abc@123]]>
              </value>
            </param>
            <param index="5">
              <value>
                <![CDATA[abc@123]]>
              </value>
            </param>
          </params>
          <reporter-output>
          </reporter-output>
        </test-method> <!-- RegisterUser -->
      </class> <!-- com.ninjademo.qa.tests.RegisterPageTest -->
      <class name="com.ninjademo.qa.tests.HomePageTest">
        <test-method is-config="true" signature="OpenApp()[pri:0, instance:com.ninjademo.qa.tests.HomePageTest@4145bad8]" started-at="2023-10-09T17:24:59 IST" name="OpenApp" finished-at="2023-10-09T17:25:05 IST" duration-ms="5711" status="PASS">
          <reporter-output>
          </reporter-output>
        </test-method> <!-- OpenApp -->
        <test-method signature="testTitle()[pri:0, instance:com.ninjademo.qa.tests.HomePageTest@4145bad8]" started-at="2023-10-09T17:25:05 IST" name="testTitle" finished-at="2023-10-09T17:25:05 IST" duration-ms="31" status="PASS">
          <reporter-output>
          </reporter-output>
        </test-method> <!-- testTitle -->
        <test-method is-config="true" signature="CloseApp()[pri:0, instance:com.ninjademo.qa.tests.HomePageTest@4145bad8]" started-at="2023-10-09T17:25:05 IST" name="CloseApp" finished-at="2023-10-09T17:25:06 IST" duration-ms="1217" status="PASS">
          <reporter-output>
          </reporter-output>
        </test-method> <!-- CloseApp -->
      </class> <!-- com.ninjademo.qa.tests.HomePageTest -->
    </test> <!-- TestCycle1 -->
  </suite> <!-- Functiontest -->
</testng-results>
