<?xml version="1.0" encoding="UTF-8"?>
<testng-results ignored="0" total="2" passed="2" failed="0" skipped="0">
  <reporter-output>
  </reporter-output>
  <suite started-at="2023-10-05T18:50:42 IST" name="Default suite" finished-at="2023-10-05T18:51:02 IST" duration-ms="20059">
    <groups>
    </groups>
    <test started-at="2023-10-05T18:50:42 IST" name="Default test" finished-at="2023-10-05T18:51:02 IST" duration-ms="20059">
      <class name="com.ninjademo.qa.tests.RegisterPageTest">
        <test-method is-config="true" signature="OpenApp()[pri:0, instance:com.ninjademo.qa.tests.RegisterPageTest@235ecd9f]" started-at="2023-10-05T18:50:43 IST" name="OpenApp" finished-at="2023-10-05T18:50:52 IST" duration-ms="8352" status="PASS">
          <reporter-output>
          </reporter-output>
        </test-method> <!-- OpenApp -->
        <test-method signature="RegisterUser(java.lang.String,java.lang.String,java.lang.String,java.lang.String,java.lang.String,java.lang.String)[pri:49, instance:com.ninjademo.qa.tests.RegisterPageTest@235ecd9f]" started-at="2023-10-05T18:50:52 IST" name="RegisterUser" data-provider="testdata" finished-at="2023-10-05T18:50:55 IST" duration-ms="2873" status="PASS">
          <params>
            <param index="0">
              <value>
                <![CDATA[Ravi]]>
              </value>
            </param>
            <param index="1">
              <value>
                <![CDATA[Ravi]]>
              </value>
            </param>
            <param index="2">
              <value>
                <![CDATA[ravidemo@gmail.com]]>
              </value>
            </param>
            <param index="3">
              <value>
                <![CDATA[2.345678901E9]]>
              </value>
            </param>
            <param index="4">
              <value>
                <![CDATA[1234.0]]>
              </value>
            </param>
            <param index="5">
              <value>
                <![CDATA[1234.0]]>
              </value>
            </param>
          </params>
          <reporter-output>
          </reporter-output>
        </test-method> <!-- RegisterUser -->
        <test-method is-config="true" signature="OpenApp()[pri:0, instance:com.ninjademo.qa.tests.RegisterPageTest@235ecd9f]" started-at="2023-10-05T18:50:55 IST" name="OpenApp" finished-at="2023-10-05T18:51:00 IST" duration-ms="5037" status="PASS">
          <reporter-output>
          </reporter-output>
        </test-method> <!-- OpenApp -->
        <test-method signature="RegisterUser(java.lang.String,java.lang.String,java.lang.String,java.lang.String,java.lang.String,java.lang.String)[pri:49, instance:com.ninjademo.qa.tests.RegisterPageTest@235ecd9f]" started-at="2023-10-05T18:51:00 IST" name="RegisterUser" data-provider="testdata" finished-at="2023-10-05T18:51:02 IST" duration-ms="2652" status="PASS">
          <params>
            <param index="0">
              <value>
                <![CDATA[John]]>
              </value>
            </param>
            <param index="1">
              <value>
                <![CDATA[John]]>
              </value>
            </param>
            <param index="2">
              <value>
                <![CDATA[Johndemo@gmail.com]]>
              </value>
            </param>
            <param index="3">
              <value>
                <![CDATA[2.345538901E9]]>
              </value>
            </param>
            <param index="4">
              <value>
                <![CDATA[abc@123]]>
              </value>
            </param>
            <param index="5">
              <value>
                <![CDATA[abc@123]]>
              </value>
            </param>
          </params>
          <reporter-output>
          </reporter-output>
        </test-method> <!-- RegisterUser -->
      </class> <!-- com.ninjademo.qa.tests.RegisterPageTest -->
    </test> <!-- Default test -->
  </suite> <!-- Default suite -->
</testng-results>
